<?xml version="1.0" encoding="UTF-8"?>
<!-- Generated by org.testng.reporters.JUnitXMLReporter -->
<testsuite hostname="LAPTOP-P9UGU7PC" ignored="0" name="Default test" tests="4" failures="0" timestamp="2023-05-15T17:11:30 IST" time="0.171" errors="0">
  <testcase name="@BeforeTest BT" time="-1.684150890483E9" classname="Demo.webshop.test.NewTest">
    <failure type="org.testng.TestNGException" message="
Parameter &amp;apos;aa&amp;apos; is required by BeforeTest on method BT but has not been marked @Optional or defined
in C:\Users\HP\AppData\Local\Temp\testng-eclipse-1189949561\testng-customsuite.xml">
      <![CDATA[org.testng.TestNGException: 
Parameter 'aa' is required by BeforeTest on method BT but has not been marked @Optional or defined
in C:\Users\HP\AppData\Local\Temp\testng-eclipse-1189949561\testng-customsuite.xml
at org.testng.internal.Parameters.createParams(Parameters.java:270)
at org.testng.internal.Parameters.createParametersForMethod(Parameters.java:358)
at org.testng.internal.Parameters.createParameters(Parameters.java:700)
at org.testng.internal.Parameters.createConfigurationParameters(Parameters.java:168)
at org.testng.internal.ConfigInvoker.invokeConfigurations(ConfigInvoker.java:302)
at org.testng.TestRunner.invokeTestConfigurations(TestRunner.java:637)
at org.testng.TestRunner.beforeRun(TestRunner.java:627)
at org.testng.TestRunner.run(TestRunner.java:589)
at org.testng.SuiteRunner.runTest(SuiteRunner.java:377)
at org.testng.SuiteRunner.runSequentially(SuiteRunner.java:371)
at org.testng.SuiteRunner.privateRun(SuiteRunner.java:332)
at org.testng.SuiteRunner.run(SuiteRunner.java:276)
at org.testng.SuiteRunnerWorker.runSuite(SuiteRunnerWorker.java:53)
at org.testng.SuiteRunnerWorker.run(SuiteRunnerWorker.java:96)
at org.testng.TestNG.runSuitesSequentially(TestNG.java:1212)
at org.testng.TestNG.runSuitesLocally(TestNG.java:1134)
at org.testng.TestNG.runSuites(TestNG.java:1063)
at org.testng.TestNG.run(TestNG.java:1031)
at org.testng.remote.AbstractRemoteTestNG.run(AbstractRemoteTestNG.java:115)
at org.testng.remote.RemoteTestNG.initAndRun(RemoteTestNG.java:251)
at org.testng.remote.RemoteTestNG.main(RemoteTestNG.java:77)
]]>
    </failure>
  </testcase> <!-- @BeforeTest BT -->
  <testcase name="@BeforeClass maximize" time="-1.684150890547E9" classname="Demo.webshop.test.NewTest">
    <skipped/>
  </testcase> <!-- @BeforeClass maximize -->
  <testcase name="@BeforeMethod cookies" time="-1.684150890599E9" classname="Demo.webshop.test.NewTest">
    <skipped/>
  </testcase> <!-- @BeforeMethod cookies -->
  <testcase name="@BeforeMethod cookies" time="-1.68415089062E9" classname="Demo.webshop.test.NewTest">
    <skipped/>
  </testcase> <!-- @BeforeMethod cookies -->
  <testcase name="@BeforeMethod cookies" time="-1.684150890626E9" classname="Demo.webshop.test.NewTest">
    <skipped/>
  </testcase> <!-- @BeforeMethod cookies -->
  <testcase name="@BeforeMethod cookies" time="-1.684150890637E9" classname="Demo.webshop.test.NewTest">
    <skipped/>
  </testcase> <!-- @BeforeMethod cookies -->
  <testcase name="Regclass" time="0.0" classname="Demo.webshop.test.NewTest">
    <skipped/>
  </testcase> <!-- Regclass -->
  <testcase name="BookBuy" time="0.0" classname="Demo.webshop.test.NewTest">
    <skipped/>
  </testcase> <!-- BookBuy -->
  <testcase name="Biling" time="0.0" classname="Demo.webshop.test.NewTest">
    <skipped/>
  </testcase> <!-- Biling -->
  <testcase name="payment" time="0.0" classname="Demo.webshop.test.NewTest">
    <skipped/>
  </testcase> <!-- payment -->
</testsuite> <!-- Default test -->
